2025-08-28T19:09:14+02:00 [INFO] (codacy-cli-v2/cli-v2.go:27) Starting Codacy CLI version=1.0.0-main.353.sha.3e35fe8 (3e35fe8) built at 2025-08-08T09:30:04Z
2025-08-28T19:09:14+02:00 [INFO] (codacy-cli-v2/cmd/root.go:34) Executing CLI command command=init full_command=[/home/marcin/.cache/codacy/codacy-cli-v2/1.0.0-main.353.sha.3e35fe8/codacy-cli-v2 init --provider gh --organization SynergiaOS --repository eduhusdawka_pl --api-token ***] args=[]
2025-10-01T09:50:23+02:00 [INFO] (codacy-cli-v2/cli-v2.go:27) Starting Codacy CLI version=1.0.0-main.353.sha.3e35fe8 (3e35fe8) built at 2025-08-08T09:30:04Z
2025-10-01T09:50:23+02:00 [INFO] (codacy-cli-v2/cmd/root.go:34) Executing CLI command command=init full_command=[/home/marcin/.cache/codacy/codacy-cli-v2/1.0.0-main.353.sha.3e35fe8/codacy-cli-v2 init --provider gh --organization SynergiaOS --repository eduhusdawka_pl --api-token ***] args=[]
2025-10-01T09:50:25+02:00 [INFO] (codacy-cli-v2/tools/getTools.go:49) Supported tools: supported_tools=[map[name:dartanalyzer uuid:d203d615-6cf1-41f9-be5f-e2f660f7850f] map[name:lizard uuid:76348462-84b3-409a-90d3-955e90abfb87] map[name:eslint uuid:2a30ab97-477f-4769-8b88-af596ce7a94c] map[name:semgrep uuid:6792c561-236d-41b7-ba5e-9d6bee0d548b] map[name:revive uuid:bd81d1f4-1406-402d-9181-1274ee09f1aa] map[name:eslint uuid:f8b29663-2cb2-498d-b923-a10c6a8c05cd] map[name:pmd uuid:ed7e8287-707d-485a-a0cb-e211004432c2] map[name:pmd uuid:9ed24812-b6ee-4a58-9004-0ed183c45b8f] map[name:pylint uuid:31677b6d-4ae0-4f56-8041-606a8d7a8e61] map[name:trivy uuid:2fd7fbe0-33f9-4ab3-ab73-e9b62404e2cb]]
2025-10-01T09:50:36+02:00 [INFO] (codacy-cli-v2/cli-v2.go:27) Starting Codacy CLI version=1.0.0-main.353.sha.3e35fe8 (3e35fe8) built at 2025-08-08T09:30:04Z
2025-10-01T09:50:36+02:00 [INFO] (codacy-cli-v2/cmd/root.go:34) Executing CLI command args=[] command=install full_command=[/home/marcin/.cache/codacy/codacy-cli-v2/1.0.0-main.353.sha.3e35fe8/codacy-cli-v2 install]
2025-10-01T09:50:36+02:00 [INFO] (codacy-cli-v2/cmd/install.go:72) All components are already installed
2025-10-01T10:18:24+02:00 [INFO] (codacy-cli-v2/cli-v2.go:27) Starting Codacy CLI version=1.0.0-main.353.sha.3e35fe8 (3e35fe8) built at 2025-08-08T09:30:04Z
2025-10-01T10:18:24+02:00 [INFO] (codacy-cli-v2/cmd/root.go:34) Executing CLI command full_command=[/home/marcin/.cache/codacy/codacy-cli-v2/1.0.0-main.353.sha.3e35fe8/codacy-cli-v2 analyze /home/marcin/windsurf/Projects/asia/eduhusdawka_pl/app/globals.css --format sarif] args=[/home/marcin/windsurf/Projects/asia/eduhusdawka_pl/app/globals.css] command=analyze
2025-10-01T12:46:43+02:00 [INFO] (codacy-cli-v2/cli-v2.go:27) Starting Codacy CLI version=1.0.0-main.353.sha.3e35fe8 (3e35fe8) built at 2025-08-08T09:30:04Z
2025-10-01T12:46:43+02:00 [INFO] (codacy-cli-v2/cmd/root.go:34) Executing CLI command args=[/home/marcin/windsurf/Projects/asia/eduhusdawka_pl/.next/package.json] command=analyze full_command=[/home/marcin/.cache/codacy/codacy-cli-v2/1.0.0-main.353.sha.3e35fe8/codacy-cli-v2 analyze /home/marcin/windsurf/Projects/asia/eduhusdawka_pl/.next/package.json --format sarif]
2025-10-01T12:46:43+02:00 [INFO] (codacy-cli-v2/cmd/analyze.go:334) Config file found for tool tool=trivy toolConfigPath=.codacy/tools-configs/trivy.yaml
2025-10-01T12:52:33+02:00 [INFO] (codacy-cli-v2/cli-v2.go:27) Starting Codacy CLI version=1.0.0-main.353.sha.3e35fe8 (3e35fe8) built at 2025-08-08T09:30:04Z
2025-10-01T12:52:33+02:00 [INFO] (codacy-cli-v2/cmd/root.go:34) Executing CLI command args=[/home/marcin/.config/Code/User/keybindings.json] command=analyze full_command=[/home/marcin/.cache/codacy/codacy-cli-v2/1.0.0-main.353.sha.3e35fe8/codacy-cli-v2 analyze /home/marcin/.config/Code/User/keybindings.json --format sarif]
2025-10-01T12:52:33+02:00 [INFO] (codacy-cli-v2/cmd/analyze.go:334) Config file found for tool tool=trivy toolConfigPath=.codacy/tools-configs/trivy.yaml
2025-10-01T13:08:20+02:00 [INFO] (codacy-cli-v2/cli-v2.go:27) Starting Codacy CLI version=1.0.0-main.353.sha.3e35fe8 (3e35fe8) built at 2025-08-08T09:30:04Z
2025-10-01T13:08:20+02:00 [INFO] (codacy-cli-v2/cmd/root.go:34) Executing CLI command command=analyze full_command=[/home/marcin/.cache/codacy/codacy-cli-v2/1.0.0-main.353.sha.3e35fe8/codacy-cli-v2 analyze /home/marcin/windsurf/Projects/asia/eduhusdawka_pl/app/globals.css --format sarif] args=[/home/marcin/windsurf/Projects/asia/eduhusdawka_pl/app/globals.css]
2025-10-01T16:17:24+02:00 [INFO] (codacy-cli-v2/cli-v2.go:27) Starting Codacy CLI version=1.0.0-main.353.sha.3e35fe8 (3e35fe8) built at 2025-08-08T09:30:04Z
2025-10-01T16:17:24+02:00 [INFO] (codacy-cli-v2/cmd/root.go:34) Executing CLI command command=analyze full_command=[/home/marcin/.cache/codacy/codacy-cli-v2/1.0.0-main.353.sha.3e35fe8/codacy-cli-v2 analyze /home/marcin/windsurf/Projects/asia/eduhusdawka_pl/.next/types/package.json --format sarif] args=[/home/marcin/windsurf/Projects/asia/eduhusdawka_pl/.next/types/package.json]
2025-10-01T16:17:24+02:00 [INFO] (codacy-cli-v2/cmd/analyze.go:334) Config file found for tool toolConfigPath=.codacy/tools-configs/trivy.yaml tool=trivy
2025-10-01T16:18:10+02:00 [INFO] (codacy-cli-v2/cli-v2.go:27) Starting Codacy CLI version=1.0.0-main.353.sha.3e35fe8 (3e35fe8) built at 2025-08-08T09:30:04Z
2025-10-01T16:18:10+02:00 [INFO] (codacy-cli-v2/cmd/root.go:34) Executing CLI command command=analyze full_command=[/home/marcin/.cache/codacy/codacy-cli-v2/1.0.0-main.353.sha.3e35fe8/codacy-cli-v2 analyze /home/marcin/.config/Code/User/settings.json --format sarif] args=[/home/marcin/.config/Code/User/settings.json]
2025-10-01T16:18:10+02:00 [INFO] (codacy-cli-v2/cmd/analyze.go:334) Config file found for tool toolConfigPath=.codacy/tools-configs/trivy.yaml tool=trivy
2025-10-01T16:19:46+02:00 [INFO] (codacy-cli-v2/cli-v2.go:27) Starting Codacy CLI version=1.0.0-main.353.sha.3e35fe8 (3e35fe8) built at 2025-08-08T09:30:04Z
2025-10-01T16:19:46+02:00 [INFO] (codacy-cli-v2/cmd/root.go:34) Executing CLI command full_command=[/home/marcin/.cache/codacy/codacy-cli-v2/1.0.0-main.353.sha.3e35fe8/codacy-cli-v2 analyze /home/marcin/.config/Code/User/settings.json --format sarif] args=[/home/marcin/.config/Code/User/settings.json] command=analyze
2025-10-01T16:19:46+02:00 [INFO] (codacy-cli-v2/cmd/analyze.go:334) Config file found for tool tool=trivy toolConfigPath=.codacy/tools-configs/trivy.yaml
2025-10-06T21:02:55+02:00 [INFO] (codacy-cli-v2/cli-v2.go:27) Starting Codacy CLI version=1.0.0-main.353.sha.3e35fe8 (3e35fe8) built at 2025-08-08T09:30:04Z
2025-10-06T21:02:55+02:00 [INFO] (codacy-cli-v2/cmd/root.go:34) Executing CLI command command=analyze full_command=[/home/marcin/.cache/codacy/codacy-cli-v2/1.0.0-main.353.sha.3e35fe8/codacy-cli-v2 analyze /home/marcin/windsurf/Projects/asia/eduhusdawka_pl/.next/types/package.json --format sarif] args=[/home/marcin/windsurf/Projects/asia/eduhusdawka_pl/.next/types/package.json]
2025-10-06T21:02:55+02:00 [INFO] (codacy-cli-v2/cmd/analyze.go:334) Config file found for tool tool=trivy toolConfigPath=.codacy/tools-configs/trivy.yaml
2025-10-06T21:02:58+02:00 [INFO] (codacy-cli-v2/cli-v2.go:27) Starting Codacy CLI version=1.0.0-main.353.sha.3e35fe8 (3e35fe8) built at 2025-08-08T09:30:04Z
2025-10-06T21:02:58+02:00 [INFO] (codacy-cli-v2/cmd/root.go:34) Executing CLI command command=analyze full_command=[/home/marcin/.cache/codacy/codacy-cli-v2/1.0.0-main.353.sha.3e35fe8/codacy-cli-v2 analyze /home/marcin/windsurf/Projects/asia/eduhusdawka_pl/.next/package.json --format sarif] args=[/home/marcin/windsurf/Projects/asia/eduhusdawka_pl/.next/package.json]
2025-10-06T21:02:58+02:00 [INFO] (codacy-cli-v2/cmd/analyze.go:334) Config file found for tool toolConfigPath=.codacy/tools-configs/trivy.yaml tool=trivy
2025-10-06T21:03:11+02:00 [INFO] (codacy-cli-v2/cli-v2.go:27) Starting Codacy CLI version=1.0.0-main.353.sha.3e35fe8 (3e35fe8) built at 2025-08-08T09:30:04Z
2025-10-06T21:03:11+02:00 [INFO] (codacy-cli-v2/cmd/root.go:34) Executing CLI command command=analyze full_command=[/home/marcin/.cache/codacy/codacy-cli-v2/1.0.0-main.353.sha.3e35fe8/codacy-cli-v2 analyze /home/marcin/.config/Code/User/settings.json --format sarif] args=[/home/marcin/.config/Code/User/settings.json]
2025-10-06T21:03:11+02:00 [INFO] (codacy-cli-v2/cmd/analyze.go:334) Config file found for tool tool=trivy toolConfigPath=.codacy/tools-configs/trivy.yaml
2025-10-06T21:13:12+02:00 [INFO] (codacy-cli-v2/cli-v2.go:27) Starting Codacy CLI version=1.0.0-main.353.sha.3e35fe8 (3e35fe8) built at 2025-08-08T09:30:04Z
2025-10-06T21:13:12+02:00 [INFO] (codacy-cli-v2/cmd/root.go:34) Executing CLI command args=[/home/marcin/windsurf/Projects/asia/eduhusdawka_pl/app/layout.tsx] command=analyze full_command=[/home/marcin/.cache/codacy/codacy-cli-v2/1.0.0-main.353.sha.3e35fe8/codacy-cli-v2 analyze /home/marcin/windsurf/Projects/asia/eduhusdawka_pl/app/layout.tsx --format sarif]
2025-10-06T21:13:14+02:00 [INFO] (codacy-cli-v2/cmd/analyze.go:334) Config file found for tool tool=lizard toolConfigPath=.codacy/tools-configs/lizard.yaml
2025-10-06T21:13:14+02:00 [INFO] (codacy-cli-v2/cmd/analyze.go:334) Config file found for tool toolConfigPath=.codacy/tools-configs/semgrep.yaml tool=semgrep
2025-10-06T21:13:30+02:00 [INFO] (codacy-cli-v2/cmd/analyze.go:334) Config file found for tool toolConfigPath=.codacy/tools-configs/trivy.yaml tool=trivy
2025-10-07T12:02:02+02:00 [INFO] (codacy-cli-v2/cli-v2.go:27) Starting Codacy CLI version=1.0.0-main.353.sha.3e35fe8 (3e35fe8) built at 2025-08-08T09:30:04Z
2025-10-07T12:02:02+02:00 [INFO] (codacy-cli-v2/cmd/root.go:34) Executing CLI command args=[/home/marcin/windsurf/Projects/asia/eduhusdawka_pl/.next/types/package.json] command=analyze full_command=[/home/marcin/.cache/codacy/codacy-cli-v2/1.0.0-main.353.sha.3e35fe8/codacy-cli-v2 analyze /home/marcin/windsurf/Projects/asia/eduhusdawka_pl/.next/types/package.json --format sarif]
2025-10-07T12:02:02+02:00 [INFO] (codacy-cli-v2/cmd/analyze.go:334) Config file found for tool tool=trivy toolConfigPath=.codacy/tools-configs/trivy.yaml
2025-10-07T12:49:39+02:00 [INFO] (codacy-cli-v2/cli-v2.go:27) Starting Codacy CLI version=1.0.0-main.353.sha.3e35fe8 (3e35fe8) built at 2025-08-08T09:30:04Z
2025-10-07T12:49:39+02:00 [INFO] (codacy-cli-v2/cmd/root.go:34) Executing CLI command args=[/home/marcin/.config/Code/User/globalStorage/kombai.kombai/editableFiles/1759123823138/plan.md] command=analyze full_command=[/home/marcin/.cache/codacy/codacy-cli-v2/1.0.0-main.353.sha.3e35fe8/codacy-cli-v2 analyze /home/marcin/.config/Code/User/globalStorage/kombai.kombai/editableFiles/1759123823138/plan.md --format sarif]
2025-10-07T12:50:53+02:00 [INFO] (codacy-cli-v2/cli-v2.go:27) Starting Codacy CLI version=1.0.0-main.353.sha.3e35fe8 (3e35fe8) built at 2025-08-08T09:30:04Z
2025-10-07T12:50:53+02:00 [INFO] (codacy-cli-v2/cmd/root.go:34) Executing CLI command full_command=[/home/marcin/.cache/codacy/codacy-cli-v2/1.0.0-main.353.sha.3e35fe8/codacy-cli-v2 analyze /home/marcin/windsurf/Projects/asia/eduhusdawka_pl/app/opengraph-image.tsx --format sarif] args=[/home/marcin/windsurf/Projects/asia/eduhusdawka_pl/app/opengraph-image.tsx] command=analyze
2025-10-07T12:50:53+02:00 [INFO] (codacy-cli-v2/cmd/analyze.go:334) Config file found for tool tool=lizard toolConfigPath=.codacy/tools-configs/lizard.yaml
2025-10-07T12:50:53+02:00 [INFO] (codacy-cli-v2/cmd/analyze.go:334) Config file found for tool tool=semgrep toolConfigPath=.codacy/tools-configs/semgrep.yaml
2025-10-07T12:51:02+02:00 [INFO] (codacy-cli-v2/cmd/analyze.go:334) Config file found for tool tool=trivy toolConfigPath=.codacy/tools-configs/trivy.yaml
2025-10-07T12:51:02+02:00 [INFO] (codacy-cli-v2/cmd/analyze.go:334) Config file found for tool tool=eslint toolConfigPath=.codacy/tools-configs/eslint.config.mjs
2025-10-07T13:01:09+02:00 [INFO] (codacy-cli-v2/cli-v2.go:27) Starting Codacy CLI version=1.0.0-main.353.sha.3e35fe8 (3e35fe8) built at 2025-08-08T09:30:04Z
2025-10-07T13:01:09+02:00 [INFO] (codacy-cli-v2/cmd/root.go:34) Executing CLI command full_command=[/home/marcin/.cache/codacy/codacy-cli-v2/1.0.0-main.353.sha.3e35fe8/codacy-cli-v2 analyze /home/marcin/windsurf/Projects/asia/eduhusdawka_pl/.next/types/package.json --format sarif] args=[/home/marcin/windsurf/Projects/asia/eduhusdawka_pl/.next/types/package.json] command=analyze
2025-10-07T13:01:09+02:00 [INFO] (codacy-cli-v2/cmd/analyze.go:334) Config file found for tool tool=trivy toolConfigPath=.codacy/tools-configs/trivy.yaml
2025-10-07T13:18:29+02:00 [INFO] (codacy-cli-v2/cli-v2.go:27) Starting Codacy CLI version=1.0.0-main.353.sha.3e35fe8 (3e35fe8) built at 2025-08-08T09:30:04Z
2025-10-07T13:18:29+02:00 [INFO] (codacy-cli-v2/cmd/root.go:34) Executing CLI command command=analyze full_command=[/home/marcin/.cache/codacy/codacy-cli-v2/1.0.0-main.353.sha.3e35fe8/codacy-cli-v2 analyze /home/marcin/windsurf/Projects/asia/eduhusdawka_pl/lighthouserc.json --format sarif] args=[/home/marcin/windsurf/Projects/asia/eduhusdawka_pl/lighthouserc.json]
2025-10-07T13:18:29+02:00 [INFO] (codacy-cli-v2/cmd/analyze.go:334) Config file found for tool tool=trivy toolConfigPath=.codacy/tools-configs/trivy.yaml
2025-10-07T13:18:32+02:00 [INFO] (codacy-cli-v2/cli-v2.go:27) Starting Codacy CLI version=1.0.0-main.353.sha.3e35fe8 (3e35fe8) built at 2025-08-08T09:30:04Z
2025-10-07T13:18:32+02:00 [INFO] (codacy-cli-v2/cmd/root.go:34) Executing CLI command command=analyze full_command=[/home/marcin/.cache/codacy/codacy-cli-v2/1.0.0-main.353.sha.3e35fe8/codacy-cli-v2 analyze /home/marcin/windsurf/Projects/asia/eduhusdawka_pl/lighthouserc.json --format sarif] args=[/home/marcin/windsurf/Projects/asia/eduhusdawka_pl/lighthouserc.json]
2025-10-07T13:18:32+02:00 [INFO] (codacy-cli-v2/cmd/analyze.go:334) Config file found for tool tool=trivy toolConfigPath=.codacy/tools-configs/trivy.yaml
2025-10-07T13:18:45+02:00 [INFO] (codacy-cli-v2/cli-v2.go:27) Starting Codacy CLI version=1.0.0-main.353.sha.3e35fe8 (3e35fe8) built at 2025-08-08T09:30:04Z
2025-10-07T13:18:45+02:00 [INFO] (codacy-cli-v2/cmd/root.go:34) Executing CLI command command=analyze full_command=[/home/marcin/.cache/codacy/codacy-cli-v2/1.0.0-main.353.sha.3e35fe8/codacy-cli-v2 analyze /home/marcin/windsurf/Projects/asia/eduhusdawka_pl/package.json --format sarif] args=[/home/marcin/windsurf/Projects/asia/eduhusdawka_pl/package.json]
2025-10-07T13:18:45+02:00 [INFO] (codacy-cli-v2/cmd/analyze.go:334) Config file found for tool tool=trivy toolConfigPath=.codacy/tools-configs/trivy.yaml
2025-10-07T13:18:48+02:00 [INFO] (codacy-cli-v2/cli-v2.go:27) Starting Codacy CLI version=1.0.0-main.353.sha.3e35fe8 (3e35fe8) built at 2025-08-08T09:30:04Z
2025-10-07T13:18:48+02:00 [INFO] (codacy-cli-v2/cmd/root.go:34) Executing CLI command command=analyze full_command=[/home/marcin/.cache/codacy/codacy-cli-v2/1.0.0-main.353.sha.3e35fe8/codacy-cli-v2 analyze /home/marcin/windsurf/Projects/asia/eduhusdawka_pl/package.json --format sarif] args=[/home/marcin/windsurf/Projects/asia/eduhusdawka_pl/package.json]
2025-10-07T13:18:48+02:00 [INFO] (codacy-cli-v2/cmd/analyze.go:334) Config file found for tool tool=trivy toolConfigPath=.codacy/tools-configs/trivy.yaml
2025-10-07T15:21:49+02:00 [INFO] (codacy-cli-v2/cli-v2.go:27) Starting Codacy CLI version=1.0.0-main.353.sha.3e35fe8 (3e35fe8) built at 2025-08-08T09:30:04Z
2025-10-07T15:21:49+02:00 [INFO] (codacy-cli-v2/cmd/root.go:34) Executing CLI command args=[/home/marcin/windsurf/Projects/asia/eduhusdawka_pl/.next/package.json] command=analyze full_command=[/home/marcin/.cache/codacy/codacy-cli-v2/1.0.0-main.353.sha.3e35fe8/codacy-cli-v2 analyze /home/marcin/windsurf/Projects/asia/eduhusdawka_pl/.next/package.json --format sarif]
2025-10-07T15:21:49+02:00 [INFO] (codacy-cli-v2/cmd/analyze.go:334) Config file found for tool tool=trivy toolConfigPath=.codacy/tools-configs/trivy.yaml
2025-10-07T15:21:51+02:00 [INFO] (codacy-cli-v2/cli-v2.go:27) Starting Codacy CLI version=1.0.0-main.353.sha.3e35fe8 (3e35fe8) built at 2025-08-08T09:30:04Z
2025-10-07T15:21:51+02:00 [INFO] (codacy-cli-v2/cmd/root.go:34) Executing CLI command command=analyze full_command=[/home/marcin/.cache/codacy/codacy-cli-v2/1.0.0-main.353.sha.3e35fe8/codacy-cli-v2 analyze /home/marcin/.config/Code/User/settings.json --format sarif] args=[/home/marcin/.config/Code/User/settings.json]
2025-10-07T15:21:51+02:00 [INFO] (codacy-cli-v2/cmd/analyze.go:334) Config file found for tool tool=trivy toolConfigPath=.codacy/tools-configs/trivy.yaml
2025-10-07T16:15:28+02:00 [INFO] (codacy-cli-v2/cli-v2.go:27) Starting Codacy CLI version=1.0.0-main.353.sha.3e35fe8 (3e35fe8) built at 2025-08-08T09:30:04Z
2025-10-07T16:15:28+02:00 [INFO] (codacy-cli-v2/cmd/root.go:34) Executing CLI command args=[/home/marcin/windsurf/Projects/asia/eduhusdawka_pl/lib/analytics.ts] command=analyze full_command=[/home/marcin/.cache/codacy/codacy-cli-v2/1.0.0-main.353.sha.3e35fe8/codacy-cli-v2 analyze /home/marcin/windsurf/Projects/asia/eduhusdawka_pl/lib/analytics.ts --format sarif]
2025-10-07T16:15:28+02:00 [INFO] (codacy-cli-v2/cmd/analyze.go:334) Config file found for tool tool=eslint toolConfigPath=.codacy/tools-configs/eslint.config.mjs
2025-10-07T16:15:29+02:00 [INFO] (codacy-cli-v2/cmd/analyze.go:334) Config file found for tool tool=lizard toolConfigPath=.codacy/tools-configs/lizard.yaml
2025-10-07T16:15:29+02:00 [INFO] (codacy-cli-v2/cmd/analyze.go:334) Config file found for tool tool=semgrep toolConfigPath=.codacy/tools-configs/semgrep.yaml
2025-10-07T16:15:37+02:00 [INFO] (codacy-cli-v2/cmd/analyze.go:334) Config file found for tool tool=trivy toolConfigPath=.codacy/tools-configs/trivy.yaml
2025-10-07T16:18:12+02:00 [INFO] (codacy-cli-v2/cli-v2.go:27) Starting Codacy CLI version=1.0.0-main.353.sha.3e35fe8 (3e35fe8) built at 2025-08-08T09:30:04Z
2025-10-07T16:18:12+02:00 [INFO] (codacy-cli-v2/cmd/root.go:34) Executing CLI command command=analyze full_command=[/home/marcin/.cache/codacy/codacy-cli-v2/1.0.0-main.353.sha.3e35fe8/codacy-cli-v2 analyze /home/marcin/windsurf/Projects/asia/eduhusdawka_pl/lib/analytics.ts --format sarif] args=[/home/marcin/windsurf/Projects/asia/eduhusdawka_pl/lib/analytics.ts]
2025-10-07T16:18:12+02:00 [INFO] (codacy-cli-v2/cmd/analyze.go:334) Config file found for tool tool=eslint toolConfigPath=.codacy/tools-configs/eslint.config.mjs
2025-10-07T16:18:12+02:00 [INFO] (codacy-cli-v2/cmd/analyze.go:334) Config file found for tool tool=lizard toolConfigPath=.codacy/tools-configs/lizard.yaml
2025-10-07T16:18:12+02:00 [INFO] (codacy-cli-v2/cmd/analyze.go:334) Config file found for tool tool=semgrep toolConfigPath=.codacy/tools-configs/semgrep.yaml
2025-10-07T16:18:20+02:00 [INFO] (codacy-cli-v2/cmd/analyze.go:334) Config file found for tool tool=trivy toolConfigPath=.codacy/tools-configs/trivy.yaml
2025-10-07T21:49:24+02:00 [INFO] (codacy-cli-v2/cli-v2.go:27) Starting Codacy CLI version=1.0.0-main.353.sha.3e35fe8 (3e35fe8) built at 2025-08-08T09:30:04Z
2025-10-07T21:49:24+02:00 [INFO] (codacy-cli-v2/cmd/root.go:34) Executing CLI command full_command=[/home/marcin/.cache/codacy/codacy-cli-v2/1.0.0-main.353.sha.3e35fe8/codacy-cli-v2 analyze /home/marcin/windsurf/Projects/asia/eduhusdawka_pl/.next/package.json --format sarif] args=[/home/marcin/windsurf/Projects/asia/eduhusdawka_pl/.next/package.json] command=analyze
2025-10-07T21:49:24+02:00 [INFO] (codacy-cli-v2/cmd/analyze.go:334) Config file found for tool toolConfigPath=.codacy/tools-configs/trivy.yaml tool=trivy
2025-10-07T21:49:26+02:00 [INFO] (codacy-cli-v2/cli-v2.go:27) Starting Codacy CLI version=1.0.0-main.353.sha.3e35fe8 (3e35fe8) built at 2025-08-08T09:30:04Z
2025-10-07T21:49:26+02:00 [INFO] (codacy-cli-v2/cmd/root.go:34) Executing CLI command args=[/home/marcin/.config/Code/User/settings.json] command=analyze full_command=[/home/marcin/.cache/codacy/codacy-cli-v2/1.0.0-main.353.sha.3e35fe8/codacy-cli-v2 analyze /home/marcin/.config/Code/User/settings.json --format sarif]
2025-10-07T21:49:26+02:00 [INFO] (codacy-cli-v2/cmd/analyze.go:334) Config file found for tool tool=trivy toolConfigPath=.codacy/tools-configs/trivy.yaml
2025-10-08T05:39:10+02:00 [INFO] (codacy-cli-v2/cli-v2.go:27) Starting Codacy CLI version=1.0.0-main.353.sha.3e35fe8 (3e35fe8) built at 2025-08-08T09:30:04Z
2025-10-08T05:39:10+02:00 [INFO] (codacy-cli-v2/cmd/root.go:34) Executing CLI command command=analyze full_command=[/home/marcin/.cache/codacy/codacy-cli-v2/1.0.0-main.353.sha.3e35fe8/codacy-cli-v2 analyze /home/marcin/.config/Code/User/settings.json --format sarif] args=[/home/marcin/.config/Code/User/settings.json]
2025-10-08T05:39:10+02:00 [INFO] (codacy-cli-v2/cmd/analyze.go:334) Config file found for tool tool=trivy toolConfigPath=.codacy/tools-configs/trivy.yaml
2025-10-08T05:39:59+02:00 [INFO] (codacy-cli-v2/cli-v2.go:27) Starting Codacy CLI version=1.0.0-main.353.sha.3e35fe8 (3e35fe8) built at 2025-08-08T09:30:04Z
2025-10-08T05:39:59+02:00 [INFO] (codacy-cli-v2/cmd/root.go:34) Executing CLI command command=analyze full_command=[/home/marcin/.cache/codacy/codacy-cli-v2/1.0.0-main.353.sha.3e35fe8/codacy-cli-v2 analyze /home/marcin/windsurf/Projects/asia/eduhusdawka_pl/.next/types/package.json --format sarif] args=[/home/marcin/windsurf/Projects/asia/eduhusdawka_pl/.next/types/package.json]
2025-10-08T05:39:59+02:00 [INFO] (codacy-cli-v2/cmd/analyze.go:334) Config file found for tool tool=trivy toolConfigPath=.codacy/tools-configs/trivy.yaml
2025-10-08T05:48:13+02:00 [INFO] (codacy-cli-v2/cli-v2.go:27) Starting Codacy CLI version=1.0.0-main.353.sha.3e35fe8 (3e35fe8) built at 2025-08-08T09:30:04Z
2025-10-08T05:48:13+02:00 [INFO] (codacy-cli-v2/cmd/root.go:34) Executing CLI command full_command=[/home/marcin/.cache/codacy/codacy-cli-v2/1.0.0-main.353.sha.3e35fe8/codacy-cli-v2 analyze /home/marcin/.config/Code/User/settings.json --format sarif] args=[/home/marcin/.config/Code/User/settings.json] command=analyze
2025-10-08T05:48:13+02:00 [INFO] (codacy-cli-v2/cmd/analyze.go:334) Config file found for tool tool=trivy toolConfigPath=.codacy/tools-configs/trivy.yaml
2025-10-08T06:00:26+02:00 [INFO] (codacy-cli-v2/cli-v2.go:27) Starting Codacy CLI version=1.0.0-main.353.sha.3e35fe8 (3e35fe8) built at 2025-08-08T09:30:04Z
2025-10-08T06:00:26+02:00 [INFO] (codacy-cli-v2/cmd/root.go:34) Executing CLI command args=[/home/marcin/.config/Code/User/settings.json] command=analyze full_command=[/home/marcin/.cache/codacy/codacy-cli-v2/1.0.0-main.353.sha.3e35fe8/codacy-cli-v2 analyze /home/marcin/.config/Code/User/settings.json --format sarif]
2025-10-08T06:00:26+02:00 [INFO] (codacy-cli-v2/cmd/analyze.go:334) Config file found for tool toolConfigPath=.codacy/tools-configs/trivy.yaml tool=trivy
2025-10-08T06:00:43+02:00 [INFO] (codacy-cli-v2/cli-v2.go:27) Starting Codacy CLI version=1.0.0-main.353.sha.3e35fe8 (3e35fe8) built at 2025-08-08T09:30:04Z
2025-10-08T06:00:43+02:00 [INFO] (codacy-cli-v2/cmd/root.go:34) Executing CLI command command=analyze full_command=[/home/marcin/.cache/codacy/codacy-cli-v2/1.0.0-main.353.sha.3e35fe8/codacy-cli-v2 analyze /home/marcin/windsurf/Projects/asia/eduhusdawka_pl/.next/types/package.json --format sarif] args=[/home/marcin/windsurf/Projects/asia/eduhusdawka_pl/.next/types/package.json]
2025-10-08T06:00:43+02:00 [INFO] (codacy-cli-v2/cmd/analyze.go:334) Config file found for tool tool=trivy toolConfigPath=.codacy/tools-configs/trivy.yaml
2025-10-08T06:02:09+02:00 [INFO] (codacy-cli-v2/cli-v2.go:27) Starting Codacy CLI version=1.0.0-main.353.sha.3e35fe8 (3e35fe8) built at 2025-08-08T09:30:04Z
2025-10-08T06:02:09+02:00 [INFO] (codacy-cli-v2/cmd/root.go:34) Executing CLI command command=analyze full_command=[/home/marcin/.cache/codacy/codacy-cli-v2/1.0.0-main.353.sha.3e35fe8/codacy-cli-v2 analyze /home/marcin/windsurf/Projects/asia/eduhusdawka_pl/app/HomeClient.tsx --format sarif] args=[/home/marcin/windsurf/Projects/asia/eduhusdawka_pl/app/HomeClient.tsx]
2025-10-08T06:02:09+02:00 [INFO] (codacy-cli-v2/cmd/analyze.go:334) Config file found for tool toolConfigPath=.codacy/tools-configs/eslint.config.mjs tool=eslint
2025-10-08T06:02:09+02:00 [INFO] (codacy-cli-v2/cmd/analyze.go:334) Config file found for tool tool=lizard toolConfigPath=.codacy/tools-configs/lizard.yaml
2025-10-08T06:02:09+02:00 [INFO] (codacy-cli-v2/cmd/analyze.go:334) Config file found for tool tool=semgrep toolConfigPath=.codacy/tools-configs/semgrep.yaml
2025-10-08T06:02:21+02:00 [INFO] (codacy-cli-v2/cmd/analyze.go:334) Config file found for tool tool=trivy toolConfigPath=.codacy/tools-configs/trivy.yaml
2025-10-08T06:02:28+02:00 [INFO] (codacy-cli-v2/cli-v2.go:27) Starting Codacy CLI version=1.0.0-main.353.sha.3e35fe8 (3e35fe8) built at 2025-08-08T09:30:04Z
2025-10-08T06:02:28+02:00 [INFO] (codacy-cli-v2/cmd/root.go:34) Executing CLI command command=analyze full_command=[/home/marcin/.cache/codacy/codacy-cli-v2/1.0.0-main.353.sha.3e35fe8/codacy-cli-v2 analyze /home/marcin/windsurf/Projects/asia/eduhusdawka_pl/app/HomeClient.tsx --format sarif] args=[/home/marcin/windsurf/Projects/asia/eduhusdawka_pl/app/HomeClient.tsx]
2025-10-08T06:02:28+02:00 [INFO] (codacy-cli-v2/cmd/analyze.go:334) Config file found for tool tool=eslint toolConfigPath=.codacy/tools-configs/eslint.config.mjs
2025-10-08T06:02:28+02:00 [INFO] (codacy-cli-v2/cmd/analyze.go:334) Config file found for tool tool=lizard toolConfigPath=.codacy/tools-configs/lizard.yaml
2025-10-08T06:02:28+02:00 [INFO] (codacy-cli-v2/cmd/analyze.go:334) Config file found for tool tool=semgrep toolConfigPath=.codacy/tools-configs/semgrep.yaml
2025-10-08T06:02:42+02:00 [INFO] (codacy-cli-v2/cmd/analyze.go:334) Config file found for tool toolConfigPath=.codacy/tools-configs/trivy.yaml tool=trivy
2025-10-08T06:02:55+02:00 [INFO] (codacy-cli-v2/cli-v2.go:27) Starting Codacy CLI version=1.0.0-main.353.sha.3e35fe8 (3e35fe8) built at 2025-08-08T09:30:04Z
2025-10-08T06:02:55+02:00 [INFO] (codacy-cli-v2/cmd/root.go:34) Executing CLI command full_command=[/home/marcin/.cache/codacy/codacy-cli-v2/1.0.0-main.353.sha.3e35fe8/codacy-cli-v2 analyze /home/marcin/windsurf/Projects/asia/eduhusdawka_pl/app/HomeClient.tsx --format sarif] args=[/home/marcin/windsurf/Projects/asia/eduhusdawka_pl/app/HomeClient.tsx] command=analyze
2025-10-08T06:02:55+02:00 [INFO] (codacy-cli-v2/cmd/analyze.go:334) Config file found for tool tool=lizard toolConfigPath=.codacy/tools-configs/lizard.yaml
2025-10-08T06:02:55+02:00 [INFO] (codacy-cli-v2/cmd/analyze.go:334) Config file found for tool tool=semgrep toolConfigPath=.codacy/tools-configs/semgrep.yaml
2025-10-08T06:03:07+02:00 [INFO] (codacy-cli-v2/cmd/analyze.go:334) Config file found for tool tool=trivy toolConfigPath=.codacy/tools-configs/trivy.yaml
2025-10-08T06:03:07+02:00 [INFO] (codacy-cli-v2/cmd/analyze.go:334) Config file found for tool tool=eslint toolConfigPath=.codacy/tools-configs/eslint.config.mjs
2025-10-08T06:03:22+02:00 [INFO] (codacy-cli-v2/cli-v2.go:27) Starting Codacy CLI version=1.0.0-main.353.sha.3e35fe8 (3e35fe8) built at 2025-08-08T09:30:04Z
2025-10-08T06:03:22+02:00 [INFO] (codacy-cli-v2/cmd/root.go:34) Executing CLI command args=[/home/marcin/windsurf/Projects/asia/eduhusdawka_pl/app/HomeClient.tsx] command=analyze full_command=[/home/marcin/.cache/codacy/codacy-cli-v2/1.0.0-main.353.sha.3e35fe8/codacy-cli-v2 analyze /home/marcin/windsurf/Projects/asia/eduhusdawka_pl/app/HomeClient.tsx --format sarif]
2025-10-08T06:03:22+02:00 [INFO] (codacy-cli-v2/cmd/analyze.go:334) Config file found for tool toolConfigPath=.codacy/tools-configs/semgrep.yaml tool=semgrep
2025-10-08T06:03:36+02:00 [INFO] (codacy-cli-v2/cmd/analyze.go:334) Config file found for tool tool=trivy toolConfigPath=.codacy/tools-configs/trivy.yaml
2025-10-08T06:03:36+02:00 [INFO] (codacy-cli-v2/cmd/analyze.go:334) Config file found for tool tool=eslint toolConfigPath=.codacy/tools-configs/eslint.config.mjs
2025-10-08T06:03:37+02:00 [INFO] (codacy-cli-v2/cmd/analyze.go:334) Config file found for tool tool=lizard toolConfigPath=.codacy/tools-configs/lizard.yaml
2025-10-08T06:05:30+02:00 [INFO] (codacy-cli-v2/cli-v2.go:27) Starting Codacy CLI version=1.0.0-main.353.sha.3e35fe8 (3e35fe8) built at 2025-08-08T09:30:04Z
2025-10-08T06:05:30+02:00 [INFO] (codacy-cli-v2/cmd/root.go:34) Executing CLI command command=analyze full_command=[/home/marcin/.cache/codacy/codacy-cli-v2/1.0.0-main.353.sha.3e35fe8/codacy-cli-v2 analyze /home/marcin/windsurf/Projects/asia/eduhusdawka_pl/app/HomeClient.tsx --format sarif] args=[/home/marcin/windsurf/Projects/asia/eduhusdawka_pl/app/HomeClient.tsx]
2025-10-08T06:05:30+02:00 [INFO] (codacy-cli-v2/cmd/analyze.go:334) Config file found for tool tool=eslint toolConfigPath=.codacy/tools-configs/eslint.config.mjs
2025-10-08T06:05:30+02:00 [INFO] (codacy-cli-v2/cmd/analyze.go:334) Config file found for tool tool=lizard toolConfigPath=.codacy/tools-configs/lizard.yaml
2025-10-08T06:05:30+02:00 [INFO] (codacy-cli-v2/cmd/analyze.go:334) Config file found for tool toolConfigPath=.codacy/tools-configs/semgrep.yaml tool=semgrep
2025-10-08T06:05:42+02:00 [INFO] (codacy-cli-v2/cmd/analyze.go:334) Config file found for tool toolConfigPath=.codacy/tools-configs/trivy.yaml tool=trivy
2025-10-08T06:11:11+02:00 [INFO] (codacy-cli-v2/cli-v2.go:27) Starting Codacy CLI version=1.0.0-main.353.sha.3e35fe8 (3e35fe8) built at 2025-08-08T09:30:04Z
2025-10-08T06:11:11+02:00 [INFO] (codacy-cli-v2/cmd/root.go:34) Executing CLI command command=analyze full_command=[/home/marcin/.cache/codacy/codacy-cli-v2/1.0.0-main.353.sha.3e35fe8/codacy-cli-v2 analyze /home/marcin/windsurf/Projects/asia/eduhusdawka_pl/app/HomeClient.tsx --format sarif] args=[/home/marcin/windsurf/Projects/asia/eduhusdawka_pl/app/HomeClient.tsx]
2025-10-08T06:11:11+02:00 [INFO] (codacy-cli-v2/cmd/analyze.go:334) Config file found for tool tool=semgrep toolConfigPath=.codacy/tools-configs/semgrep.yaml
2025-10-08T06:11:25+02:00 [INFO] (codacy-cli-v2/cmd/analyze.go:334) Config file found for tool tool=trivy toolConfigPath=.codacy/tools-configs/trivy.yaml
2025-10-08T06:11:25+02:00 [INFO] (codacy-cli-v2/cmd/analyze.go:334) Config file found for tool tool=eslint toolConfigPath=.codacy/tools-configs/eslint.config.mjs
2025-10-08T06:11:26+02:00 [INFO] (codacy-cli-v2/cmd/analyze.go:334) Config file found for tool tool=lizard toolConfigPath=.codacy/tools-configs/lizard.yaml
2025-10-08T06:12:23+02:00 [INFO] (codacy-cli-v2/cli-v2.go:27) Starting Codacy CLI version=1.0.0-main.353.sha.3e35fe8 (3e35fe8) built at 2025-08-08T09:30:04Z
2025-10-08T06:12:23+02:00 [INFO] (codacy-cli-v2/cmd/root.go:34) Executing CLI command command=analyze full_command=[/home/marcin/.cache/codacy/codacy-cli-v2/1.0.0-main.353.sha.3e35fe8/codacy-cli-v2 analyze /home/marcin/windsurf/Projects/asia/eduhusdawka_pl/components/loading/lazy-components.tsx --format sarif] args=[/home/marcin/windsurf/Projects/asia/eduhusdawka_pl/components/loading/lazy-components.tsx]
2025-10-08T06:12:23+02:00 [INFO] (codacy-cli-v2/cmd/analyze.go:334) Config file found for tool tool=trivy toolConfigPath=.codacy/tools-configs/trivy.yaml
2025-10-08T06:12:23+02:00 [INFO] (codacy-cli-v2/cmd/analyze.go:334) Config file found for tool toolConfigPath=.codacy/tools-configs/eslint.config.mjs tool=eslint
2025-10-08T06:12:24+02:00 [INFO] (codacy-cli-v2/cmd/analyze.go:334) Config file found for tool tool=lizard toolConfigPath=.codacy/tools-configs/lizard.yaml
2025-10-08T06:12:24+02:00 [INFO] (codacy-cli-v2/cmd/analyze.go:334) Config file found for tool tool=semgrep toolConfigPath=.codacy/tools-configs/semgrep.yaml
2025-10-08T06:13:03+02:00 [INFO] (codacy-cli-v2/cli-v2.go:27) Starting Codacy CLI version=1.0.0-main.353.sha.3e35fe8 (3e35fe8) built at 2025-08-08T09:30:04Z
2025-10-08T06:13:03+02:00 [INFO] (codacy-cli-v2/cmd/root.go:34) Executing CLI command command=analyze full_command=[/home/marcin/.cache/codacy/codacy-cli-v2/1.0.0-main.353.sha.3e35fe8/codacy-cli-v2 analyze /home/marcin/windsurf/Projects/asia/eduhusdawka_pl/components/loading/lazy-components.tsx --format sarif] args=[/home/marcin/windsurf/Projects/asia/eduhusdawka_pl/components/loading/lazy-components.tsx]
2025-10-08T06:13:03+02:00 [INFO] (codacy-cli-v2/cmd/analyze.go:334) Config file found for tool tool=eslint toolConfigPath=.codacy/tools-configs/eslint.config.mjs
2025-10-08T06:13:03+02:00 [INFO] (codacy-cli-v2/cmd/analyze.go:334) Config file found for tool tool=lizard toolConfigPath=.codacy/tools-configs/lizard.yaml
2025-10-08T06:13:03+02:00 [INFO] (codacy-cli-v2/cmd/analyze.go:334) Config file found for tool tool=semgrep toolConfigPath=.codacy/tools-configs/semgrep.yaml
2025-10-08T06:13:18+02:00 [INFO] (codacy-cli-v2/cmd/analyze.go:334) Config file found for tool tool=trivy toolConfigPath=.codacy/tools-configs/trivy.yaml
2025-10-08T06:13:43+02:00 [INFO] (codacy-cli-v2/cli-v2.go:27) Starting Codacy CLI version=1.0.0-main.353.sha.3e35fe8 (3e35fe8) built at 2025-08-08T09:30:04Z
2025-10-08T06:13:43+02:00 [INFO] (codacy-cli-v2/cmd/root.go:34) Executing CLI command command=analyze full_command=[/home/marcin/.cache/codacy/codacy-cli-v2/1.0.0-main.353.sha.3e35fe8/codacy-cli-v2 analyze /home/marcin/windsurf/Projects/asia/eduhusdawka_pl/components/loading/lazy-components.tsx --format sarif] args=[/home/marcin/windsurf/Projects/asia/eduhusdawka_pl/components/loading/lazy-components.tsx]
2025-10-08T06:13:43+02:00 [INFO] (codacy-cli-v2/cmd/analyze.go:334) Config file found for tool toolConfigPath=.codacy/tools-configs/eslint.config.mjs tool=eslint
2025-10-08T06:13:43+02:00 [INFO] (codacy-cli-v2/cmd/analyze.go:334) Config file found for tool tool=lizard toolConfigPath=.codacy/tools-configs/lizard.yaml
2025-10-08T06:13:43+02:00 [INFO] (codacy-cli-v2/cmd/analyze.go:334) Config file found for tool tool=semgrep toolConfigPath=.codacy/tools-configs/semgrep.yaml
2025-10-08T06:13:57+02:00 [INFO] (codacy-cli-v2/cmd/analyze.go:334) Config file found for tool toolConfigPath=.codacy/tools-configs/trivy.yaml tool=trivy
2025-10-08T06:14:29+02:00 [INFO] (codacy-cli-v2/cli-v2.go:27) Starting Codacy CLI version=1.0.0-main.353.sha.3e35fe8 (3e35fe8) built at 2025-08-08T09:30:04Z
2025-10-08T06:14:29+02:00 [INFO] (codacy-cli-v2/cmd/root.go:34) Executing CLI command command=analyze full_command=[/home/marcin/.cache/codacy/codacy-cli-v2/1.0.0-main.353.sha.3e35fe8/codacy-cli-v2 analyze /home/marcin/windsurf/Projects/asia/eduhusdawka_pl/components/loading/lazy-components.tsx --format sarif] args=[/home/marcin/windsurf/Projects/asia/eduhusdawka_pl/components/loading/lazy-components.tsx]
2025-10-08T06:14:29+02:00 [INFO] (codacy-cli-v2/cmd/analyze.go:334) Config file found for tool tool=eslint toolConfigPath=.codacy/tools-configs/eslint.config.mjs
2025-10-08T06:14:29+02:00 [INFO] (codacy-cli-v2/cmd/analyze.go:334) Config file found for tool tool=lizard toolConfigPath=.codacy/tools-configs/lizard.yaml
2025-10-08T06:14:29+02:00 [INFO] (codacy-cli-v2/cmd/analyze.go:334) Config file found for tool tool=semgrep toolConfigPath=.codacy/tools-configs/semgrep.yaml
2025-10-08T06:14:44+02:00 [INFO] (codacy-cli-v2/cmd/analyze.go:334) Config file found for tool tool=trivy toolConfigPath=.codacy/tools-configs/trivy.yaml
2025-10-08T06:14:53+02:00 [INFO] (codacy-cli-v2/cli-v2.go:27) Starting Codacy CLI version=1.0.0-main.353.sha.3e35fe8 (3e35fe8) built at 2025-08-08T09:30:04Z
2025-10-08T06:14:53+02:00 [INFO] (codacy-cli-v2/cmd/root.go:34) Executing CLI command args=[/home/marcin/windsurf/Projects/asia/eduhusdawka_pl/components/loading/lazy-components.tsx] command=analyze full_command=[/home/marcin/.cache/codacy/codacy-cli-v2/1.0.0-main.353.sha.3e35fe8/codacy-cli-v2 analyze /home/marcin/windsurf/Projects/asia/eduhusdawka_pl/components/loading/lazy-components.tsx --format sarif]
2025-10-08T06:14:53+02:00 [INFO] (codacy-cli-v2/cmd/analyze.go:334) Config file found for tool toolConfigPath=.codacy/tools-configs/lizard.yaml tool=lizard
2025-10-08T06:14:53+02:00 [INFO] (codacy-cli-v2/cmd/analyze.go:334) Config file found for tool toolConfigPath=.codacy/tools-configs/semgrep.yaml tool=semgrep
2025-10-08T06:15:07+02:00 [INFO] (codacy-cli-v2/cmd/analyze.go:334) Config file found for tool tool=trivy toolConfigPath=.codacy/tools-configs/trivy.yaml
2025-10-08T06:15:08+02:00 [INFO] (codacy-cli-v2/cmd/analyze.go:334) Config file found for tool tool=eslint toolConfigPath=.codacy/tools-configs/eslint.config.mjs
2025-10-08T06:15:16+02:00 [INFO] (codacy-cli-v2/cli-v2.go:27) Starting Codacy CLI version=1.0.0-main.353.sha.3e35fe8 (3e35fe8) built at 2025-08-08T09:30:04Z
2025-10-08T06:15:16+02:00 [INFO] (codacy-cli-v2/cmd/root.go:34) Executing CLI command command=analyze full_command=[/home/marcin/.cache/codacy/codacy-cli-v2/1.0.0-main.353.sha.3e35fe8/codacy-cli-v2 analyze /home/marcin/windsurf/Projects/asia/eduhusdawka_pl/components/loading/lazy-components.tsx --format sarif] args=[/home/marcin/windsurf/Projects/asia/eduhusdawka_pl/components/loading/lazy-components.tsx]
2025-10-08T06:15:16+02:00 [INFO] (codacy-cli-v2/cmd/analyze.go:334) Config file found for tool tool=lizard toolConfigPath=.codacy/tools-configs/lizard.yaml
2025-10-08T06:15:16+02:00 [INFO] (codacy-cli-v2/cmd/analyze.go:334) Config file found for tool tool=semgrep toolConfigPath=.codacy/tools-configs/semgrep.yaml
2025-10-08T06:15:29+02:00 [INFO] (codacy-cli-v2/cmd/analyze.go:334) Config file found for tool tool=trivy toolConfigPath=.codacy/tools-configs/trivy.yaml
2025-10-08T06:15:29+02:00 [INFO] (codacy-cli-v2/cmd/analyze.go:334) Config file found for tool tool=eslint toolConfigPath=.codacy/tools-configs/eslint.config.mjs
2025-10-08T06:18:57+02:00 [INFO] (codacy-cli-v2/cli-v2.go:27) Starting Codacy CLI version=1.0.0-main.353.sha.3e35fe8 (3e35fe8) built at 2025-08-08T09:30:04Z
2025-10-08T06:18:57+02:00 [INFO] (codacy-cli-v2/cmd/root.go:34) Executing CLI command command=analyze full_command=[/home/marcin/.cache/codacy/codacy-cli-v2/1.0.0-main.353.sha.3e35fe8/codacy-cli-v2 analyze /home/marcin/windsurf/Projects/asia/eduhusdawka_pl/components/loading/lazy-components.tsx --format sarif] args=[/home/marcin/windsurf/Projects/asia/eduhusdawka_pl/components/loading/lazy-components.tsx]
2025-10-08T06:18:57+02:00 [INFO] (codacy-cli-v2/cmd/analyze.go:334) Config file found for tool tool=eslint toolConfigPath=.codacy/tools-configs/eslint.config.mjs
2025-10-08T06:18:58+02:00 [INFO] (codacy-cli-v2/cmd/analyze.go:334) Config file found for tool tool=lizard toolConfigPath=.codacy/tools-configs/lizard.yaml
2025-10-08T06:18:58+02:00 [INFO] (codacy-cli-v2/cmd/analyze.go:334) Config file found for tool tool=semgrep toolConfigPath=.codacy/tools-configs/semgrep.yaml
2025-10-08T06:19:11+02:00 [INFO] (codacy-cli-v2/cmd/analyze.go:334) Config file found for tool toolConfigPath=.codacy/tools-configs/trivy.yaml tool=trivy
2025-10-08T06:24:47+02:00 [INFO] (codacy-cli-v2/cli-v2.go:27) Starting Codacy CLI version=1.0.0-main.353.sha.3e35fe8 (3e35fe8) built at 2025-08-08T09:30:04Z
2025-10-08T06:24:47+02:00 [INFO] (codacy-cli-v2/cmd/root.go:34) Executing CLI command full_command=[/home/marcin/.cache/codacy/codacy-cli-v2/1.0.0-main.353.sha.3e35fe8/codacy-cli-v2 analyze /home/marcin/windsurf/Projects/asia/eduhusdawka_pl/app/HomeClient.tsx --format sarif] args=[/home/marcin/windsurf/Projects/asia/eduhusdawka_pl/app/HomeClient.tsx] command=analyze
2025-10-08T06:24:47+02:00 [INFO] (codacy-cli-v2/cmd/analyze.go:334) Config file found for tool tool=semgrep toolConfigPath=.codacy/tools-configs/semgrep.yaml
2025-10-08T06:25:00+02:00 [INFO] (codacy-cli-v2/cmd/analyze.go:334) Config file found for tool tool=trivy toolConfigPath=.codacy/tools-configs/trivy.yaml
2025-10-08T06:25:01+02:00 [INFO] (codacy-cli-v2/cmd/analyze.go:334) Config file found for tool toolConfigPath=.codacy/tools-configs/eslint.config.mjs tool=eslint
2025-10-08T06:25:01+02:00 [INFO] (codacy-cli-v2/cmd/analyze.go:334) Config file found for tool tool=lizard toolConfigPath=.codacy/tools-configs/lizard.yaml
2025-10-08T06:35:44+02:00 [INFO] (codacy-cli-v2/cli-v2.go:27) Starting Codacy CLI version=1.0.0-main.353.sha.3e35fe8 (3e35fe8) built at 2025-08-08T09:30:04Z
2025-10-08T06:35:44+02:00 [INFO] (codacy-cli-v2/cmd/root.go:34) Executing CLI command command=analyze full_command=[/home/marcin/.cache/codacy/codacy-cli-v2/1.0.0-main.353.sha.3e35fe8/codacy-cli-v2 analyze /home/marcin/.config/Code/User/settings.json --format sarif] args=[/home/marcin/.config/Code/User/settings.json]
2025-10-08T06:35:44+02:00 [INFO] (codacy-cli-v2/cmd/analyze.go:334) Config file found for tool toolConfigPath=.codacy/tools-configs/trivy.yaml tool=trivy
2025-10-08T06:35:46+02:00 [INFO] (codacy-cli-v2/cli-v2.go:27) Starting Codacy CLI version=1.0.0-main.353.sha.3e35fe8 (3e35fe8) built at 2025-08-08T09:30:04Z
2025-10-08T06:35:46+02:00 [INFO] (codacy-cli-v2/cmd/root.go:34) Executing CLI command args=[/home/marcin/.config/Code/User/settings.json] command=analyze full_command=[/home/marcin/.cache/codacy/codacy-cli-v2/1.0.0-main.353.sha.3e35fe8/codacy-cli-v2 analyze /home/marcin/.config/Code/User/settings.json --format sarif]
2025-10-08T06:35:46+02:00 [INFO] (codacy-cli-v2/cmd/analyze.go:334) Config file found for tool tool=trivy toolConfigPath=.codacy/tools-configs/trivy.yaml
2025-10-08T06:35:56+02:00 [INFO] (codacy-cli-v2/cli-v2.go:27) Starting Codacy CLI version=1.0.0-main.353.sha.3e35fe8 (3e35fe8) built at 2025-08-08T09:30:04Z
2025-10-08T06:35:56+02:00 [INFO] (codacy-cli-v2/cmd/root.go:34) Executing CLI command command=analyze full_command=[/home/marcin/.cache/codacy/codacy-cli-v2/1.0.0-main.353.sha.3e35fe8/codacy-cli-v2 analyze /home/marcin/windsurf/Projects/asia/eduhusdawka_pl/.next/package.json --format sarif] args=[/home/marcin/windsurf/Projects/asia/eduhusdawka_pl/.next/package.json]
2025-10-08T06:35:56+02:00 [INFO] (codacy-cli-v2/cmd/analyze.go:334) Config file found for tool tool=trivy toolConfigPath=.codacy/tools-configs/trivy.yaml
2025-10-08T08:27:22+02:00 [INFO] (codacy-cli-v2/cli-v2.go:27) Starting Codacy CLI version=1.0.0-main.353.sha.3e35fe8 (3e35fe8) built at 2025-08-08T09:30:04Z
2025-10-08T08:27:22+02:00 [INFO] (codacy-cli-v2/cmd/root.go:34) Executing CLI command command=analyze full_command=[/home/marcin/.cache/codacy/codacy-cli-v2/1.0.0-main.353.sha.3e35fe8/codacy-cli-v2 analyze /home/marcin/windsurf/Projects/asia/eduhusdawka_pl/package.json --format sarif] args=[/home/marcin/windsurf/Projects/asia/eduhusdawka_pl/package.json]
2025-10-08T08:27:22+02:00 [INFO] (codacy-cli-v2/cmd/analyze.go:334) Config file found for tool tool=trivy toolConfigPath=.codacy/tools-configs/trivy.yaml
2025-10-08T08:27:26+02:00 [INFO] (codacy-cli-v2/cli-v2.go:27) Starting Codacy CLI version=1.0.0-main.353.sha.3e35fe8 (3e35fe8) built at 2025-08-08T09:30:04Z
2025-10-08T08:27:26+02:00 [INFO] (codacy-cli-v2/cmd/root.go:34) Executing CLI command args=[/home/marcin/windsurf/Projects/asia/eduhusdawka_pl/.augment/rules/rule-next.md] command=analyze full_command=[/home/marcin/.cache/codacy/codacy-cli-v2/1.0.0-main.353.sha.3e35fe8/codacy-cli-v2 analyze /home/marcin/windsurf/Projects/asia/eduhusdawka_pl/.augment/rules/rule-next.md --format sarif]
2025-10-08T08:41:29+02:00 [INFO] (codacy-cli-v2/cli-v2.go:27) Starting Codacy CLI version=1.0.0-main.353.sha.3e35fe8 (3e35fe8) built at 2025-08-08T09:30:04Z
2025-10-08T08:41:29+02:00 [INFO] (codacy-cli-v2/cmd/root.go:34) Executing CLI command command=analyze full_command=[/home/marcin/.cache/codacy/codacy-cli-v2/1.0.0-main.353.sha.3e35fe8/codacy-cli-v2 analyze /home/marcin/.config/Code/User/settings.json --format sarif] args=[/home/marcin/.config/Code/User/settings.json]
2025-10-08T08:41:29+02:00 [INFO] (codacy-cli-v2/cmd/analyze.go:334) Config file found for tool tool=trivy toolConfigPath=.codacy/tools-configs/trivy.yaml
2025-10-08T08:41:49+02:00 [INFO] (codacy-cli-v2/cli-v2.go:27) Starting Codacy CLI version=1.0.0-main.353.sha.3e35fe8 (3e35fe8) built at 2025-08-08T09:30:04Z
2025-10-08T08:41:49+02:00 [INFO] (codacy-cli-v2/cmd/root.go:34) Executing CLI command command=analyze full_command=[/home/marcin/.cache/codacy/codacy-cli-v2/1.0.0-main.353.sha.3e35fe8/codacy-cli-v2 analyze /home/marcin/windsurf/Projects/asia/eduhusdawka_pl/.next/types/package.json --format sarif] args=[/home/marcin/windsurf/Projects/asia/eduhusdawka_pl/.next/types/package.json]
2025-10-08T08:41:49+02:00 [INFO] (codacy-cli-v2/cmd/analyze.go:334) Config file found for tool tool=trivy toolConfigPath=.codacy/tools-configs/trivy.yaml
2025-10-08T08:42:08+02:00 [INFO] (codacy-cli-v2/cli-v2.go:27) Starting Codacy CLI version=1.0.0-main.353.sha.3e35fe8 (3e35fe8) built at 2025-08-08T09:30:04Z
2025-10-08T08:42:08+02:00 [INFO] (codacy-cli-v2/cmd/root.go:34) Executing CLI command command=analyze full_command=[/home/marcin/.cache/codacy/codacy-cli-v2/1.0.0-main.353.sha.3e35fe8/codacy-cli-v2 analyze /home/marcin/.config/Code/User/settings.json --format sarif] args=[/home/marcin/.config/Code/User/settings.json]
2025-10-08T08:42:08+02:00 [INFO] (codacy-cli-v2/cmd/analyze.go:334) Config file found for tool tool=trivy toolConfigPath=.codacy/tools-configs/trivy.yaml
2025-10-08T09:05:30+02:00 [INFO] (codacy-cli-v2/cli-v2.go:27) Starting Codacy CLI version=1.0.0-main.353.sha.3e35fe8 (3e35fe8) built at 2025-08-08T09:30:04Z
2025-10-08T09:05:30+02:00 [INFO] (codacy-cli-v2/cmd/root.go:34) Executing CLI command command=analyze full_command=[/home/marcin/.cache/codacy/codacy-cli-v2/1.0.0-main.353.sha.3e35fe8/codacy-cli-v2 analyze /home/marcin/windsurf/Projects/asia/eduhusdawka_pl/coverage/lcov-report/components/ui/scroll-area.tsx.html --format sarif] args=[/home/marcin/windsurf/Projects/asia/eduhusdawka_pl/coverage/lcov-report/components/ui/scroll-area.tsx.html]
2025-10-08T09:05:32+02:00 [INFO] (codacy-cli-v2/cli-v2.go:27) Starting Codacy CLI version=1.0.0-main.353.sha.3e35fe8 (3e35fe8) built at 2025-08-08T09:30:04Z
2025-10-08T09:05:32+02:00 [INFO] (codacy-cli-v2/cmd/root.go:34) Executing CLI command full_command=[/home/marcin/.cache/codacy/codacy-cli-v2/1.0.0-main.353.sha.3e35fe8/codacy-cli-v2 analyze /home/marcin/windsurf/Projects/asia/eduhusdawka_pl/coverage/lcov-report/components/ui/label.tsx.html --format sarif] args=[/home/marcin/windsurf/Projects/asia/eduhusdawka_pl/coverage/lcov-report/components/ui/label.tsx.html] command=analyze
2025-10-08T09:05:41+02:00 [INFO] (codacy-cli-v2/cli-v2.go:27) Starting Codacy CLI version=1.0.0-main.353.sha.3e35fe8 (3e35fe8) built at 2025-08-08T09:30:04Z
2025-10-08T09:05:41+02:00 [INFO] (codacy-cli-v2/cmd/root.go:34) Executing CLI command command=analyze full_command=[/home/marcin/.cache/codacy/codacy-cli-v2/1.0.0-main.353.sha.3e35fe8/codacy-cli-v2 analyze /home/marcin/windsurf/Projects/asia/eduhusdawka_pl/coverage/lcov-report/components/admin/printable-directions.tsx.html --format sarif] args=[/home/marcin/windsurf/Projects/asia/eduhusdawka_pl/coverage/lcov-report/components/admin/printable-directions.tsx.html]
2025-10-08T09:09:55+02:00 [INFO] (codacy-cli-v2/cli-v2.go:27) Starting Codacy CLI version=1.0.0-main.353.sha.3e35fe8 (3e35fe8) built at 2025-08-08T09:30:04Z
2025-10-08T09:09:55+02:00 [INFO] (codacy-cli-v2/cmd/root.go:34) Executing CLI command args=[/home/marcin/.config/Code/User/settings.json] command=analyze full_command=[/home/marcin/.cache/codacy/codacy-cli-v2/1.0.0-main.353.sha.3e35fe8/codacy-cli-v2 analyze /home/marcin/.config/Code/User/settings.json --format sarif]
2025-10-08T09:09:55+02:00 [INFO] (codacy-cli-v2/cmd/analyze.go:334) Config file found for tool tool=trivy toolConfigPath=.codacy/tools-configs/trivy.yaml
2025-10-08T09:10:24+02:00 [INFO] (codacy-cli-v2/cli-v2.go:27) Starting Codacy CLI version=1.0.0-main.353.sha.3e35fe8 (3e35fe8) built at 2025-08-08T09:30:04Z
2025-10-08T09:10:24+02:00 [INFO] (codacy-cli-v2/cmd/root.go:34) Executing CLI command command=analyze full_command=[/home/marcin/.cache/codacy/codacy-cli-v2/1.0.0-main.353.sha.3e35fe8/codacy-cli-v2 analyze /home/marcin/windsurf/Projects/asia/eduhusdawka_pl/.next/package.json --format sarif] args=[/home/marcin/windsurf/Projects/asia/eduhusdawka_pl/.next/package.json]
2025-10-08T09:10:24+02:00 [INFO] (codacy-cli-v2/cmd/analyze.go:334) Config file found for tool tool=trivy toolConfigPath=.codacy/tools-configs/trivy.yaml
2025-10-08T10:55:55+02:00 [INFO] (codacy-cli-v2/cli-v2.go:27) Starting Codacy CLI version=1.0.0-main.353.sha.3e35fe8 (3e35fe8) built at 2025-08-08T09:30:04Z
2025-10-08T10:55:55+02:00 [INFO] (codacy-cli-v2/cmd/root.go:34) Executing CLI command command=analyze full_command=[/home/marcin/.cache/codacy/codacy-cli-v2/1.0.0-main.353.sha.3e35fe8/codacy-cli-v2 analyze /home/marcin/windsurf/Projects/asia/eduhusdawka_pl/hooks/__tests__/use-analytics.test.ts --format sarif] args=[/home/marcin/windsurf/Projects/asia/eduhusdawka_pl/hooks/__tests__/use-analytics.test.ts]
2025-10-08T10:55:55+02:00 [INFO] (codacy-cli-v2/cmd/analyze.go:334) Config file found for tool tool=lizard toolConfigPath=.codacy/tools-configs/lizard.yaml
2025-10-08T10:55:55+02:00 [INFO] (codacy-cli-v2/cmd/analyze.go:334) Config file found for tool tool=semgrep toolConfigPath=.codacy/tools-configs/semgrep.yaml
2025-10-08T10:56:10+02:00 [INFO] (codacy-cli-v2/cmd/analyze.go:334) Config file found for tool tool=trivy toolConfigPath=.codacy/tools-configs/trivy.yaml
2025-10-08T10:56:10+02:00 [INFO] (codacy-cli-v2/cmd/analyze.go:334) Config file found for tool tool=eslint toolConfigPath=.codacy/tools-configs/eslint.config.mjs
2025-10-08T10:58:24+02:00 [INFO] (codacy-cli-v2/cli-v2.go:27) Starting Codacy CLI version=1.0.0-main.353.sha.3e35fe8 (3e35fe8) built at 2025-08-08T09:30:04Z
2025-10-08T10:58:24+02:00 [INFO] (codacy-cli-v2/cmd/root.go:34) Executing CLI command args=[/home/marcin/windsurf/Projects/asia/eduhusdawka_pl/hooks/__tests__/use-analytics.test.ts] command=analyze full_command=[/home/marcin/.cache/codacy/codacy-cli-v2/1.0.0-main.353.sha.3e35fe8/codacy-cli-v2 analyze /home/marcin/windsurf/Projects/asia/eduhusdawka_pl/hooks/__tests__/use-analytics.test.ts --format sarif]
2025-10-08T10:58:24+02:00 [INFO] (codacy-cli-v2/cmd/analyze.go:334) Config file found for tool tool=trivy toolConfigPath=.codacy/tools-configs/trivy.yaml
2025-10-08T10:58:24+02:00 [INFO] (codacy-cli-v2/cmd/analyze.go:334) Config file found for tool toolConfigPath=.codacy/tools-configs/eslint.config.mjs tool=eslint
2025-10-08T10:58:24+02:00 [INFO] (codacy-cli-v2/cmd/analyze.go:334) Config file found for tool tool=lizard toolConfigPath=.codacy/tools-configs/lizard.yaml
2025-10-08T10:58:24+02:00 [INFO] (codacy-cli-v2/cmd/analyze.go:334) Config file found for tool tool=semgrep toolConfigPath=.codacy/tools-configs/semgrep.yaml
2025-10-08T12:09:27+02:00 [INFO] (codacy-cli-v2/cli-v2.go:27) Starting Codacy CLI version=1.0.0-main.353.sha.3e35fe8 (3e35fe8) built at 2025-08-08T09:30:04Z
2025-10-08T12:09:27+02:00 [INFO] (codacy-cli-v2/cmd/root.go:34) Executing CLI command full_command=[/home/marcin/.cache/codacy/codacy-cli-v2/1.0.0-main.353.sha.3e35fe8/codacy-cli-v2 analyze /home/marcin/.config/Code/User/settings.json --format sarif] args=[/home/marcin/.config/Code/User/settings.json] command=analyze
2025-10-08T12:09:27+02:00 [INFO] (codacy-cli-v2/cmd/analyze.go:334) Config file found for tool tool=trivy toolConfigPath=.codacy/tools-configs/trivy.yaml
2025-10-08T12:09:32+02:00 [INFO] (codacy-cli-v2/cli-v2.go:27) Starting Codacy CLI version=1.0.0-main.353.sha.3e35fe8 (3e35fe8) built at 2025-08-08T09:30:04Z
2025-10-08T12:09:32+02:00 [INFO] (codacy-cli-v2/cmd/root.go:34) Executing CLI command full_command=[/home/marcin/.cache/codacy/codacy-cli-v2/1.0.0-main.353.sha.3e35fe8/codacy-cli-v2 analyze /home/marcin/windsurf/Projects/asia/eduhusdawka_pl/.next/types/package.json --format sarif] args=[/home/marcin/windsurf/Projects/asia/eduhusdawka_pl/.next/types/package.json] command=analyze
2025-10-08T12:09:32+02:00 [INFO] (codacy-cli-v2/cmd/analyze.go:334) Config file found for tool tool=trivy toolConfigPath=.codacy/tools-configs/trivy.yaml
